This file contains any messages produced by compilers while
running configure, to aid debugging if configure makes a mistake.

It was created by pxruler configure 0.0.0, which was
generated by GNU Autoconf 2.69.  Invocation command line was

  $ ./configure --prefix=/usr

## --------- ##
## Platform. ##
## --------- ##

hostname = elastigirl.rfa.org
uname -m = x86_64
uname -r = 3.10.0-1160.49.1.el7.paravel0.x86_64
uname -s = Linux
uname -v = #1 SMP Tue Dec 7 21:25:44 EST 2021

/usr/bin/uname -p = x86_64
/bin/uname -X     = unknown

/bin/arch              = x86_64
/usr/bin/arch -k       = unknown
/usr/convex/getsysinfo = unknown
/usr/bin/hostinfo      = unknown
/bin/machine           = unknown
/usr/bin/oslevel       = unknown
/bin/universe          = unknown

PATH: /usr/lib64/qt-3.3/bin
PATH: /usr/local/bin
PATH: /usr/local/sbin
PATH: /usr/bin
PATH: /usr/sbin
PATH: /bin
PATH: /sbin
PATH: /home/fredg/.local/bin
PATH: /home/fredg/bin


## ----------- ##
## Core tests. ##
## ----------- ##

configure:1913: checking for a BSD-compatible install
configure:1981: result: /usr/bin/install -c
configure:1992: checking whether build environment is sane
configure:2047: result: yes
configure:2198: checking for a thread-safe mkdir -p
configure:2237: result: /usr/bin/mkdir -p
configure:2244: checking for gawk
configure:2260: found /usr/bin/gawk
configure:2271: result: gawk
configure:2282: checking whether make sets $(MAKE)
configure:2304: result: yes
configure:2333: checking whether make supports nested variables
configure:2350: result: yes
configure:2447: checking whether make supports nested variables
configure:2464: result: yes
configure:2527: checking for gcc
configure:2543: found /usr/bin/gcc
configure:2554: result: gcc
configure:2783: checking for C compiler version
configure:2792: gcc --version >&5
gcc (GCC) 4.8.5 20150623 (Red Hat 4.8.5-44)
Copyright (C) 2015 Free Software Foundation, Inc.
This is free software; see the source for copying conditions.  There is NO
warranty; not even for MERCHANTABILITY or FITNESS FOR A PARTICULAR PURPOSE.

configure:2803: $? = 0
configure:2792: gcc -v >&5
Using built-in specs.
COLLECT_GCC=gcc
COLLECT_LTO_WRAPPER=/usr/libexec/gcc/x86_64-redhat-linux/4.8.5/lto-wrapper
Target: x86_64-redhat-linux
Configured with: ../configure --prefix=/usr --mandir=/usr/share/man --infodir=/usr/share/info --with-bugurl=http://bugzilla.redhat.com/bugzilla --enable-bootstrap --enable-shared --enable-threads=posix --enable-checking=release --with-system-zlib --enable-__cxa_atexit --disable-libunwind-exceptions --enable-gnu-unique-object --enable-linker-build-id --with-linker-hash-style=gnu --enable-languages=c,c++,objc,obj-c++,java,fortran,ada,go,lto --enable-plugin --enable-initfini-array --disable-libgcj --with-isl=/builddir/build/BUILD/gcc-4.8.5-20150702/obj-x86_64-redhat-linux/isl-install --with-cloog=/builddir/build/BUILD/gcc-4.8.5-20150702/obj-x86_64-redhat-linux/cloog-install --enable-gnu-indirect-function --with-tune=generic --with-arch_32=x86-64 --build=x86_64-redhat-linux
Thread model: posix
gcc version 4.8.5 20150623 (Red Hat 4.8.5-44) (GCC) 
configure:2803: $? = 0
configure:2792: gcc -V >&5
gcc: error: unrecognized command line option '-V'
gcc: fatal error: no input files
compilation terminated.
configure:2803: $? = 4
configure:2792: gcc -qversion >&5
gcc: error: unrecognized command line option '-qversion'
gcc: fatal error: no input files
compilation terminated.
configure:2803: $? = 4
configure:2823: checking whether the C compiler works
configure:2845: gcc    conftest.c  >&5
configure:2849: $? = 0
configure:2897: result: yes
configure:2900: checking for C compiler default output file name
configure:2902: result: a.out
configure:2908: checking for suffix of executables
configure:2915: gcc -o conftest    conftest.c  >&5
configure:2919: $? = 0
configure:2941: result: 
configure:2963: checking whether we are cross compiling
configure:2971: gcc -o conftest    conftest.c  >&5
configure:2975: $? = 0
configure:2982: ./conftest
configure:2986: $? = 0
configure:3001: result: no
configure:3006: checking for suffix of object files
configure:3028: gcc -c   conftest.c >&5
configure:3032: $? = 0
configure:3053: result: o
configure:3057: checking whether we are using the GNU C compiler
configure:3076: gcc -c   conftest.c >&5
configure:3076: $? = 0
configure:3085: result: yes
configure:3094: checking whether gcc accepts -g
configure:3114: gcc -c -g  conftest.c >&5
configure:3114: $? = 0
configure:3155: result: yes
configure:3172: checking for gcc option to accept ISO C89
configure:3235: gcc  -c -g -O2  conftest.c >&5
configure:3235: $? = 0
configure:3248: result: none needed
configure:3279: checking for style of include used by make
configure:3307: result: GNU
configure:3333: checking dependency style of gcc
configure:3444: result: gcc3
configure:3517: checking for g++
configure:3533: found /usr/bin/g++
configure:3544: result: g++
configure:3571: checking for C++ compiler version
configure:3580: g++ --version >&5
g++ (GCC) 4.8.5 20150623 (Red Hat 4.8.5-44)
Copyright (C) 2015 Free Software Foundation, Inc.
This is free software; see the source for copying conditions.  There is NO
warranty; not even for MERCHANTABILITY or FITNESS FOR A PARTICULAR PURPOSE.

configure:3591: $? = 0
configure:3580: g++ -v >&5
Using built-in specs.
COLLECT_GCC=g++
COLLECT_LTO_WRAPPER=/usr/libexec/gcc/x86_64-redhat-linux/4.8.5/lto-wrapper
Target: x86_64-redhat-linux
Configured with: ../configure --prefix=/usr --mandir=/usr/share/man --infodir=/usr/share/info --with-bugurl=http://bugzilla.redhat.com/bugzilla --enable-bootstrap --enable-shared --enable-threads=posix --enable-checking=release --with-system-zlib --enable-__cxa_atexit --disable-libunwind-exceptions --enable-gnu-unique-object --enable-linker-build-id --with-linker-hash-style=gnu --enable-languages=c,c++,objc,obj-c++,java,fortran,ada,go,lto --enable-plugin --enable-initfini-array --disable-libgcj --with-isl=/builddir/build/BUILD/gcc-4.8.5-20150702/obj-x86_64-redhat-linux/isl-install --with-cloog=/builddir/build/BUILD/gcc-4.8.5-20150702/obj-x86_64-redhat-linux/cloog-install --enable-gnu-indirect-function --with-tune=generic --with-arch_32=x86-64 --build=x86_64-redhat-linux
Thread model: posix
gcc version 4.8.5 20150623 (Red Hat 4.8.5-44) (GCC) 
configure:3591: $? = 0
configure:3580: g++ -V >&5
g++: error: unrecognized command line option '-V'
g++: fatal error: no input files
compilation terminated.
configure:3591: $? = 4
configure:3580: g++ -qversion >&5
g++: error: unrecognized command line option '-qversion'
g++: fatal error: no input files
compilation terminated.
configure:3591: $? = 4
configure:3595: checking whether we are using the GNU C++ compiler
configure:3614: g++ -c   conftest.cpp >&5
configure:3614: $? = 0
configure:3623: result: yes
configure:3632: checking whether g++ accepts -g
configure:3652: g++ -c -g  conftest.cpp >&5
configure:3652: $? = 0
configure:3693: result: yes
configure:3718: checking dependency style of g++
configure:3829: result: gcc3
configure:3930: checking for pkg-config
configure:3948: found /usr/bin/pkg-config
configure:3960: result: /usr/bin/pkg-config
configure:3985: checking pkg-config is at least version 0.9.0
configure:3988: result: yes
configure:3998: checking for QT5
configure:4005: $PKG_CONFIG --exists --print-errors "Qt5Core Qt5Widgets Qt5Gui Qt5Network"
configure:4008: $? = 0
configure:4022: $PKG_CONFIG --exists --print-errors "Qt5Core Qt5Widgets Qt5Gui Qt5Network"
configure:4025: $? = 0
configure:4063: result: yes
configure:4069: checking for moc-qt5
configure:4085: found /usr/bin/moc-qt5
configure:4097: result: moc-qt5
configure:4110: checking for lupdate-qt5
configure:4126: found /usr/bin/lupdate-qt5
configure:4138: result: lupdate-qt5
configure:4151: checking for lrelease-qt5
configure:4167: found /usr/bin/lrelease-qt5
configure:4179: result: lrelease-qt5
configure:4210: checking target architecture
configure:4215: result: x86_64-redhat-linux
configure:4233: checking distribution
configure:4242: result: CentOS Linux 7 (Core) 7
configure:4254: checking for rpmbuild
configure:4270: found /usr/bin/rpmbuild
configure:4281: result: yes
configure:4467: checking that generated files are newer than configure
configure:4473: result: done
configure:4504: creating ./config.status

## ---------------------- ##
## Running config.status. ##
## ---------------------- ##

This file was extended by pxruler config.status 0.0.0, which was
generated by GNU Autoconf 2.69.  Invocation command line was

  CONFIG_FILES    = 
  CONFIG_HEADERS  = 
  CONFIG_LINKS    = 
  CONFIG_COMMANDS = 
  $ ./config.status 

on elastigirl.rfa.org

config.status:834: creating helpers/Makefile
config.status:834: creating debian/Makefile
config.status:834: creating debian/source/Makefile
config.status:834: creating src/pxruler/Makefile
config.status:834: creating src/Makefile
config.status:834: creating docs/Makefile
config.status:834: creating pxruler.spec
config.status:834: creating build_debs.sh
config.status:834: creating Makefile
config.status:1011: executing depfiles commands
configure:5682: 
configure:5684: Now enter 'make' to build the software.
configure:5686: 

## ---------------- ##
## Cache variables. ##
## ---------------- ##

ac_cv_c_compiler_gnu=yes
ac_cv_cxx_compiler_gnu=yes
ac_cv_env_CCC_set=
ac_cv_env_CCC_value=
ac_cv_env_CC_set=
ac_cv_env_CC_value=
ac_cv_env_CFLAGS_set=
ac_cv_env_CFLAGS_value=
ac_cv_env_CPPFLAGS_set=
ac_cv_env_CPPFLAGS_value=
ac_cv_env_CXXFLAGS_set=
ac_cv_env_CXXFLAGS_value=
ac_cv_env_CXX_set=
ac_cv_env_CXX_value=
ac_cv_env_LDFLAGS_set=
ac_cv_env_LDFLAGS_value=
ac_cv_env_LIBS_set=
ac_cv_env_LIBS_value=
ac_cv_env_PKG_CONFIG_LIBDIR_set=
ac_cv_env_PKG_CONFIG_LIBDIR_value=
ac_cv_env_PKG_CONFIG_PATH_set=
ac_cv_env_PKG_CONFIG_PATH_value=
ac_cv_env_PKG_CONFIG_set=
ac_cv_env_PKG_CONFIG_value=
ac_cv_env_QT5_CFLAGS_set=
ac_cv_env_QT5_CFLAGS_value=
ac_cv_env_QT5_LIBS_set=
ac_cv_env_QT5_LIBS_value=
ac_cv_env_build_alias_set=
ac_cv_env_build_alias_value=
ac_cv_env_host_alias_set=
ac_cv_env_host_alias_value=
ac_cv_env_target_alias_set=
ac_cv_env_target_alias_value=
ac_cv_objext=o
ac_cv_path_ac_pt_PKG_CONFIG=/usr/bin/pkg-config
ac_cv_path_install='/usr/bin/install -c'
ac_cv_path_mkdir=/usr/bin/mkdir
ac_cv_prog_AWK=gawk
ac_cv_prog_LRELEASE_NAME=lrelease-qt5
ac_cv_prog_LUPDATE_NAME=lupdate-qt5
ac_cv_prog_MOC_NAME=moc-qt5
ac_cv_prog_RPMBUILD_FOUND=yes
ac_cv_prog_ac_ct_CC=gcc
ac_cv_prog_ac_ct_CXX=g++
ac_cv_prog_cc_c89=
ac_cv_prog_cc_g=yes
ac_cv_prog_cxx_g=yes
ac_cv_prog_make_make_set=yes
am_cv_CC_dependencies_compiler_type=gcc3
am_cv_CXX_dependencies_compiler_type=gcc3
am_cv_make_support_nested_variables=yes
pkg_cv_QT5_CFLAGS='-I/usr/include/qt5/QtCore -I/usr/include/qt5 -I/usr/include/qt5/QtWidgets -I/usr/include/qt5/QtGui -I/usr/include/qt5/QtNetwork  '
pkg_cv_QT5_LIBS='-lQt5Widgets -lQt5Gui -lQt5Network -lQt5Core  '

## ----------------- ##
## Output variables. ##
## ----------------- ##

ACLOCAL='${SHELL} /home/fredg/dev/pxruler/missing aclocal-1.13'
AMDEPBACKSLASH='\'
AMDEP_FALSE='#'
AMDEP_TRUE=''
AMTAR='$${TAR-tar}'
AM_BACKSLASH='\'
AM_DEFAULT_V='$(AM_DEFAULT_VERBOSITY)'
AM_DEFAULT_VERBOSITY='0'
AM_V='$(V)'
ARCH='x86_64'
AUTOCONF='${SHELL} /home/fredg/dev/pxruler/missing autoconf'
AUTOHEADER='${SHELL} /home/fredg/dev/pxruler/missing autoheader'
AUTOMAKE='${SHELL} /home/fredg/dev/pxruler/missing automake-1.13'
AWK='gawk'
CC='gcc'
CCDEPMODE='depmode=gcc3'
CFLAGS='-g -O2'
CPPFLAGS=''
CXX='g++'
CXXDEPMODE='depmode=gcc3'
CXXFLAGS='-g -O2'
CYGPATH_W='echo'
DEFS='-DPACKAGE_NAME=\"pxruler\" -DPACKAGE_TARNAME=\"pxruler\" -DPACKAGE_VERSION=\"0.0.0\" -DPACKAGE_STRING=\"pxruler\ 0.0.0\" -DPACKAGE_BUGREPORT=\"\" -DPACKAGE_URL=\"\" -DPACKAGE=\"pxruler\" -DVERSION=\"0.0.0\"'
DEPDIR='.deps'
DISTRO='redhat'
DOCBOOK_AM_FALSE='#'
DOCBOOK_AM_TRUE=''
ECHO_C=''
ECHO_N='-n'
ECHO_T=''
EXEEXT=''
INSTALL_DATA='${INSTALL} -m 644'
INSTALL_PROGRAM='${INSTALL}'
INSTALL_SCRIPT='${INSTALL}'
INSTALL_STRIP_PROGRAM='$(install_sh) -c -s'
LDFLAGS=''
LIBOBJS=''
LIBS=''
LRELEASE_NAME='lrelease-qt5'
LTLIBOBJS=''
LUPDATE_NAME='lupdate-qt5'
MAKEINFO='${SHELL} /home/fredg/dev/pxruler/missing makeinfo'
MKDIR_P='/usr/bin/mkdir -p'
MOC_NAME='moc-qt5'
OBJEXT='o'
PACKAGE='pxruler'
PACKAGE_BUGREPORT=''
PACKAGE_NAME='pxruler'
PACKAGE_STRING='pxruler 0.0.0'
PACKAGE_TARNAME='pxruler'
PACKAGE_URL=''
PACKAGE_VERSION='0.0.0'
PATH_SEPARATOR=':'
PKG_CONFIG='/usr/bin/pkg-config'
PKG_CONFIG_LIBDIR=''
PKG_CONFIG_PATH=''
QT5_CFLAGS='-I/usr/include/qt5/QtCore -I/usr/include/qt5 -I/usr/include/qt5/QtWidgets -I/usr/include/qt5/QtGui -I/usr/include/qt5/QtNetwork  '
QT5_LIBS='-lQt5Widgets -lQt5Gui -lQt5Network -lQt5Core  '
QT_LRELEASE='lrelease-qt5'
QT_LUPDATE='lupdate-qt5'
QT_MOC='moc-qt5'
RPMBUILD='rpmbuild'
RPMBUILD_FOUND='yes'
RPM_RELEASE='1'
RPM_ROOT='/usr/src/packages'
SET_MAKE=''
SHELL='/bin/sh'
STRIP=''
VENDOR='suse'
VERSION='0.0.0'
ac_ct_CC='gcc'
ac_ct_CXX='g++'
am__EXEEXT_FALSE=''
am__EXEEXT_TRUE='#'
am__fastdepCC_FALSE='#'
am__fastdepCC_TRUE=''
am__fastdepCXX_FALSE='#'
am__fastdepCXX_TRUE=''
am__include='include'
am__isrc=''
am__leading_dot='.'
am__nodep='_no'
am__quote=''
am__tar='$${TAR-tar} chof - "$$tardir"'
am__untar='$${TAR-tar} xf -'
bindir='${exec_prefix}/bin'
build_alias=''
datadir='${datarootdir}'
datarootdir='${prefix}/share'
docdir='${datarootdir}/doc/${PACKAGE_TARNAME}'
dvidir='${docdir}'
exec_prefix='${prefix}'
host_alias=''
htmldir='${docdir}'
includedir='${prefix}/include'
infodir='${datarootdir}/info'
install_sh='${SHELL} /home/fredg/dev/pxruler/install-sh'
libdir='${exec_prefix}/lib'
libexecdir='${exec_prefix}/libexec'
localedir='${datarootdir}/locale'
localstatedir='${prefix}/var'
mandir='${datarootdir}/man'
mkdir_p='$(MKDIR_P)'
oldincludedir='/usr/include'
pdfdir='${docdir}'
prefix='/usr'
program_transform_name='s,x,x,'
psdir='${docdir}'
sbindir='${exec_prefix}/sbin'
sharedstatedir='${prefix}/com'
sysconfdir='${prefix}/etc'
target_alias=''

## ------------------- ##
## File substitutions. ##
## ------------------- ##

GENERATED_C_FILE_WARNING='./helpers/c_file_warning'
GENERATED_SCRIPT_FILE_WARNING='./helpers/script_file_warning'
GENERATED_XML_FILE_WARNING='./helpers/xml_file_warning'

## ----------- ##
## confdefs.h. ##
## ----------- ##

/* confdefs.h */
#define PACKAGE_NAME "pxruler"
#define PACKAGE_TARNAME "pxruler"
#define PACKAGE_VERSION "0.0.0"
#define PACKAGE_STRING "pxruler 0.0.0"
#define PACKAGE_BUGREPORT ""
#define PACKAGE_URL ""
#define PACKAGE "pxruler"
#define VERSION "0.0.0"

configure: exit 0
